Array
(
    [time] => Mon, 24 Jun 2019 01:11:46 +0100
    [addr] => ******82381.banrep.gov.co
    [agent] => Mozilla/5.0 (Windows NT 6.1; Win64; x64) AppleWebKit/537.36 (KHTML, like Gecko) Chrome/57.0.2987.110 Safari/537.36
    [get] => Array
        (
            [id_usuario] => 318
        )

    [files] => Array
        (
            [Filedata] => Array
                (
                    [name] => HQ.png
                    [type] => image/png
                    [tmp_name] => E:\UniServerZ\tmp\phpF44C.tmp
                    [error] => 0
                    [size] => 812002
                )

        )

)

---
Array
(
    [time] => Fri, 28 Jun 2019 17:44:50 +0100
    [addr] => ******2029.banrep.gov.co
    [agent] => Mozilla/5.0 (Windows NT 10.0; Win64; x64) AppleWebKit/537.36 (KHTML, like Gecko) Chrome/75.0.3770.100 Safari/537.36
    [get] => Array
        (
            [id_liga] => 24322
        )

    [files] => Array
        (
            [Filedata] => Array
                (
                    [name] => france2019.png
                    [type] => image/png
                    [tmp_name] => E:\UniServerZ\tmp\php4FFD.tmp
                    [error] => 0
                    [size] => 20123
                )

        )

)

---
Array
(
    [time] => Fri, 28 Jun 2019 18:16:36 +0100
    [addr] => ******2029.banrep.gov.co
    [agent] => Mozilla/5.0 (Windows NT 10.0; Win64; x64) AppleWebKit/537.36 (KHTML, like Gecko) Chrome/75.0.3770.100 Safari/537.36
    [get] => Array
        (
            [id_liga] => 8493
        )

    [files] => Array
        (
            [Filedata] => Array
                (
                    [name] => qatar 2022.png
                    [type] => image/png
                    [tmp_name] => E:\UniServerZ\tmp\php6270.tmp
                    [error] => 0
                    [size] => 41930
                )

        )

)

---
Array
(
    [time] => Wed, 03 Jul 2019 15:20:13 +0100
    [addr] => ******8180.banrep.gov.co
    [agent] => Mozilla/5.0 (Windows NT 6.1; Win64; x64) AppleWebKit/537.36 (KHTML, like Gecko) Chrome/75.0.3770.100 Safari/537.36
    [get] => Array
        (
            [id_usuario] => 293
        )

    [files] => Array
        (
            [Filedata] => Array
                (
                    [name] => FUT8_2016.docx
                    [type] => application/vnd.openxmlformats-officedocument.wordprocessingml.document
                    [tmp_name] => E:\UniServerZ\tmp\php8724.tmp
                    [error] => 0
                    [size] => 230519
                )

        )

)

---
Array
(
    [time] => Thu, 08 Oct 2020 21:52:37 +0100
    [addr] => ******2029.banrep.gov.co
    [agent] => Mozilla/5.0 (Windows NT 10.0; Win64; x64) AppleWebKit/537.36 (KHTML, like Gecko) Chrome/85.0.4183.121 Safari/537.36
    [get] => Array
        (
            [id_evento] => 32391
        )

    [files] => Array
        (
            [Filedata] => Array
                (
                    [name] => quatar2022.png
                    [type] => image/png
                    [tmp_name] => E:\UniServerZ\tmp\php4F55.tmp
                    [error] => 0
                    [size] => 106920
                )

        )

)

---
Array
(
    [time] => Tue, 10 Nov 2020 21:47:50 +0000
    [addr] => ******2029.banrep.gov.co
    [agent] => Mozilla/5.0 (Windows NT 10.0; Win64; x64) AppleWebKit/537.36 (KHTML, like Gecko) Chrome/86.0.4240.183 Safari/537.36
    [get] => Array
        (
            [id_evento] => 32212
        )

    [files] => Array
        (
            [Filedata] => Array
                (
                    [name] => quatar2022.png
                    [type] => image/png
                    [tmp_name] => E:\UniServerZ\tmp\phpD37C.tmp
                    [error] => 0
                    [size] => 106920
                )

        )

)

---
Array
(
    [time] => Wed, 11 Nov 2020 21:56:55 +0000
    [addr] => ******3793
    [agent] => Mozilla/5.0 (Windows NT 10.0; Win64; x64) AppleWebKit/537.36 (KHTML, like Gecko) Chrome/86.0.4240.183 Safari/537.36
    [get] => Array
        (
            [id_usuario] => 476
        )

    [files] => Array
        (
            [Filedata] => Array
                (
                    [name] => 1200px-Escudo_de_Millonarios_temporada_2017.png
                    [type] => image/png
                    [tmp_name] => E:\UniServerZ\tmp\php79DD.tmp
                    [error] => 0
                    [size] => 387375
                )

        )

)

---
Array
(
    [time] => Wed, 11 Nov 2020 22:10:14 +0000
    [addr] => ******1214
    [agent] => Mozilla/5.0 (Windows NT 10.0; Win64; x64) AppleWebKit/537.36 (KHTML, like Gecko) Chrome/86.0.4240.183 Safari/537.36
    [get] => Array
        (
            [id_usuario] => 158
        )

    [files] => Array
        (
            [Filedata] => Array
                (
                    [name] => descarga.jpg
                    [type] => image/jpeg
                    [tmp_name] => E:\UniServerZ\tmp\phpAA5A.tmp
                    [error] => 0
                    [size] => 6443
                )

        )

)

---
Array
(
    [time] => Wed, 11 Nov 2020 22:11:24 +0000
    [addr] => ******1214
    [agent] => Mozilla/5.0 (Windows NT 10.0; Win64; x64) AppleWebKit/537.36 (KHTML, like Gecko) Chrome/86.0.4240.183 Safari/537.36
    [get] => Array
        (
            [id_usuario] => 158
        )

    [files] => Array
        (
            [Filedata] => Array
                (
                    [name] => descarga.jpg
                    [type] => image/jpeg
                    [tmp_name] => E:\UniServerZ\tmp\phpB8DD.tmp
                    [error] => 0
                    [size] => 34811
                )

        )

)

---
Array
(
    [time] => Fri, 13 Nov 2020 19:04:30 +0000
    [addr] => ******30965
    [agent] => Mozilla/5.0 (Windows NT 10.0; Win64; x64) AppleWebKit/537.36 (KHTML, like Gecko) Chrome/86.0.4240.183 Safari/537.36
    [get] => Array
        (
            [id_usuario] => 438
        )

    [files] => Array
        (
            [Filedata] => Array
                (
                    [name] => Screenshot_20201113-130031.png
                    [type] => image/png
                    [tmp_name] => E:\UniServerZ\tmp\php451A.tmp
                    [error] => 0
                    [size] => 294374
                )

        )

)

---
Array
(
    [time] => Fri, 13 Nov 2020 19:09:36 +0000
    [addr] => ******30965
    [agent] => Mozilla/5.0 (Windows NT 10.0; Win64; x64) AppleWebKit/537.36 (KHTML, like Gecko) Chrome/86.0.4240.183 Safari/537.36
    [get] => Array
        (
            [id_usuario] => 438
        )

    [files] => Array
        (
            [Filedata] => Array
                (
                    [name] => Screenshot_20201113-130031.png
                    [type] => image/png
                    [tmp_name] => E:\UniServerZ\tmp\phpF201.tmp
                    [error] => 0
                    [size] => 276836
                )

        )

)

---
Array
(
    [time] => Wed, 18 Nov 2020 14:03:41 +0000
    [addr] => ******2029.banrep.gov.co
    [agent] => Mozilla/5.0 (Windows NT 10.0; Win64; x64) AppleWebKit/537.36 (KHTML, like Gecko) Chrome/86.0.4240.193 Safari/537.36
    [get] => Array
        (
            [id_usuario] => 1
        )

    [files] => Array
        (
            [Filedata] => Array
                (
                    [name] => meme-gato-triste-conversaciones-twitter-seguidores-conversacion-372x320.png
                    [type] => image/png
                    [tmp_name] => E:\UniServerZ\tmp\php759B.tmp
                    [error] => 0
                    [size] => 57257
                )

        )

)

---
Array
(
    [time] => Thu, 10 Jun 2021 16:58:54 +0100
    [addr] => ******31.203
    [agent] => Mozilla/5.0 (Windows NT 10.0; Win64; x64) AppleWebKit/537.36 (KHTML, like Gecko) Chrome/90.0.4430.212 Safari/537.36
    [get] => Array
        (
            [id_evento] => 7037
        )

    [files] => Array
        (
            [Filedata] => Array
                (
                    [name] => CONMEBOLCopaAmerica2020.png
                    [type] => image/png
                    [tmp_name] => E:\Apps\UniServerZ\tmp\php21E7.tmp
                    [error] => 0
                    [size] => 327839
                )

        )

)

---
Array
(
    [time] => Thu, 10 Jun 2021 17:18:29 +0100
    [addr] => ******31.203
    [agent] => Mozilla/5.0 (Windows NT 10.0; Win64; x64) AppleWebKit/537.36 (KHTML, like Gecko) Chrome/90.0.4430.212 Safari/537.36
    [get] => Array
        (
            [id_equipo] => 137
        )

    [files] => Array
        (
            [Filedata] => Array
                (
                    [name] => ecuador.png
                    [type] => image/png
                    [tmp_name] => E:\Apps\UniServerZ\tmp\php1175.tmp
                    [error] => 0
                    [size] => 52463
                )

        )

)

---
Array
(
    [time] => Thu, 10 Jun 2021 22:41:50 +0100
    [addr] => ******31.203
    [agent] => Mozilla/5.0 (Windows NT 10.0; Win64; x64) AppleWebKit/537.36 (KHTML, like Gecko) Chrome/90.0.4430.212 Safari/537.36
    [get] => Array
        (
            [id_usuario] => 1
        )

    [files] => Array
        (
            [Filedata] => Array
                (
                    [name] => gato.jpg
                    [type] => image/jpeg
                    [tmp_name] => E:\Apps\UniServerZ\tmp\php1781.tmp
                    [error] => 0
                    [size] => 37546
                )

        )

)

---
Array
(
    [time] => Mon, 21 Jun 2021 22:00:38 +0100
    [addr] => ******31.18
    [agent] => Mozilla/5.0 (Windows NT 10.0; Win64; x64) AppleWebKit/537.36 (KHTML, like Gecko) Chrome/91.0.4472.106 Safari/537.36
    [get] => Array
        (
            [id_usuario] => 135
        )

    [files] => Array
        (
            [Filedata] => Array
                (
                    [name] => Junior.png
                    [type] => image/png
                    [tmp_name] => E:\Apps\UniServerZ\tmp\php8A35.tmp
                    [error] => 0
                    [size] => 79437
                )

        )

)

---
Array
(
    [time] => Tue, 31 Aug 2021 19:53:58 +0100
    [addr] => ******31.208
    [agent] => Mozilla/5.0 (Windows NT 10.0; Win64; x64) AppleWebKit/537.36 (KHTML, like Gecko) Chrome/92.0.4515.159 Safari/537.36
    [get] => Array
        (
            [id_evento] => 3740
        )

    [files] => Array
        (
            [Filedata] => Array
                (
                    [name] => 629b8098f130fdaf061a22bbe9d7d379.png
                    [type] => image/png
                    [tmp_name] => E:\Apps\UniServerZ\tmp\phpFC70.tmp
                    [error] => 0
                    [size] => 225175
                )

        )

)

---
Array
(
    [time] => Tue, 05 Oct 2021 16:28:04 +0100
    [addr] => ******31.208
    [agent] => Mozilla/5.0 (Windows NT 10.0; Win64; x64) AppleWebKit/537.36 (KHTML, like Gecko) Chrome/94.0.4606.71 Safari/537.36
    [get] => Array
        (
            [id_evento] => 13646
        )

    [files] => Array
        (
            [Filedata] => Array
                (
                    [name] => 54.png
                    [type] => image/png
                    [tmp_name] => E:\Apps\UniServerZ\tmp\php7C8A.tmp
                    [error] => 0
                    [size] => 225175
                )

        )

)

---
Array
(
    [time] => Tue, 05 Oct 2021 19:59:32 +0100
    [addr] => ******32.36
    [agent] => Mozilla/5.0 (Windows NT 10.0; Win64; x64) AppleWebKit/537.36 (KHTML, like Gecko) Chrome/94.0.4606.71 Safari/537.36 Edg/94.0.992.38
    [get] => Array
        (
            [id_usuario] => 214
        )

    [files] => Array
        (
            [Filedata] => Array
                (
                    [name] => Polla.png
                    [type] => image/png
                    [tmp_name] => E:\Apps\UniServerZ\tmp\php15D2.tmp
                    [error] => 0
                    [size] => 60909
                )

        )

)

---
Array
(
    [time] => Wed, 26 Jan 2022 20:34:29 +0000
    [addr] => ******30.131
    [agent] => Mozilla/5.0 (Windows NT 10.0; Win64; x64) AppleWebKit/537.36 (KHTML, like Gecko) Chrome/96.0.4664.110 Safari/537.36
    [get] => Array
        (
            [id_evento] => 16131
        )

    [files] => Array
        (
            [Filedata] => Array
                (
                    [name] => qatar2022.png
                    [type] => image/png
                    [tmp_name] => E:\Apps\UniServerZ\tmp\php52CB.tmp
                    [error] => 0
                    [size] => 225175
                )

        )

)

---
Array
(
    [time] => Thu, 27 Jan 2022 15:33:35 +0000
    [addr] => ******30.229
    [agent] => Mozilla/5.0 (Windows NT 10.0; Win64; x64) AppleWebKit/537.36 (KHTML, like Gecko) Chrome/97.0.4692.99 Safari/537.36
    [get] => Array
        (
            [id_usuario] => 472
        )

    [files] => Array
        (
            [Filedata] => Array
                (
                    [name] => ONCE-CALDAS.jpg
                    [type] => image/jpeg
                    [tmp_name] => E:\Apps\UniServerZ\tmp\php288E.tmp
                    [error] => 0
                    [size] => 20060
                )

        )

)

---
Array
(
    [time] => Thu, 27 Jan 2022 15:35:18 +0000
    [addr] => ******30.229
    [agent] => Mozilla/5.0 (Windows NT 10.0; Win64; x64) AppleWebKit/537.36 (KHTML, like Gecko) Chrome/97.0.4692.99 Safari/537.36
    [get] => Array
        (
            [id_usuario] => 472
        )

    [files] => Array
        (
            [Filedata] => Array
                (
                    [name] => oncecaldas.png
                    [type] => image/png
                    [tmp_name] => E:\Apps\UniServerZ\tmp\phpBA1C.tmp
                    [error] => 0
                    [size] => 3938
                )

        )

)

---
Array
(
    [time] => Thu, 27 Jan 2022 19:08:11 +0000
    [addr] => ******31.62
    [agent] => Mozilla/5.0 (Windows NT 10.0; Win64; x64) AppleWebKit/537.36 (KHTML, like Gecko) Chrome/97.0.4692.71 Safari/537.36 Edg/97.0.1072.62
    [get] => Array
        (
            [id_usuario] => 141
        )

    [files] => Array
        (
            [Filedata] => Array
                (
                    [name] => Marie cassat.jpg
                    [type] => image/jpeg
                    [tmp_name] => E:\Apps\UniServerZ\tmp\php9FE9.tmp
                    [error] => 0
                    [size] => 54683
                )

        )

)

---
Array
(
    [time] => Thu, 27 Jan 2022 19:12:07 +0000
    [addr] => ******31.62
    [agent] => Mozilla/5.0 (Windows NT 10.0; Win64; x64) AppleWebKit/537.36 (KHTML, like Gecko) Chrome/97.0.4692.71 Safari/537.36 Edg/97.0.1072.62
    [get] => Array
        (
            [id_usuario] => 141
        )

    [files] => Array
        (
            [Filedata] => Array
                (
                    [name] => Marie cassat (2).jpg
                    [type] => image/jpeg
                    [tmp_name] => E:\Apps\UniServerZ\tmp\php39AB.tmp
                    [error] => 0
                    [size] => 76540
                )

        )

)

---
Array
(
    [time] => Fri, 07 Oct 2022 20:25:57 +0100
    [addr] => ******P-49D0775
    [agent] => Mozilla/5.0 (Windows NT 10.0; Win64; x64) AppleWebKit/537.36 (KHTML, like Gecko) Chrome/105.0.0.0 Safari/537.36
    [get] => Array
        (
            [id_usuario] => 1
        )

    [files] => Array
        (
            [Filedata] => Array
                (
                    [name] => gatos-mascotas-trucos_490961518_152142875_1706x960.webp
                    [type] => image/webp
                    [tmp_name] => D:\Uniserver14\UniServerZ\tmp\phpAC3B.tmp
                    [error] => 0
                    [size] => 42150
                )

        )

)

---
